<?xml version="1.0" encoding="UTF-8"?>
<!-- Generated by org.testng.reporters.JUnitReportReporter -->
<testsuite hostname="Amits-MacBook-Air.local" failures="0" tests="1" name="com.inetBankingV1.TestCases.TC_LoginTest_001" time="2.212" errors="0" timestamp="06 Oct 2021 04:57:04 GMT" skipped="0">
  <testcase classname="com.inetBankingV1.TestCases.TC_LoginTest_001" name="loginTest" time="2.212"/>
</testsuite> <!-- com.inetBankingV1.TestCases.TC_LoginTest_001 -->
