<?xml version="1.0" encoding="UTF-8"?>
<!-- Generated by org.testng.reporters.JUnitReportReporter -->
<testsuite hostname="Amits-MacBook-Air.local" failures="0" tests="1" name="com.inetBankingV1.TestCases.TC_AddCustomerTest_003" time="15.907" errors="0" timestamp="06 Oct 2021 04:52:05 GMT" skipped="0">
  <testcase classname="com.inetBankingV1.TestCases.TC_AddCustomerTest_003" name="addNewCustomer" time="15.907"/>
</testsuite> <!-- com.inetBankingV1.TestCases.TC_AddCustomerTest_003 -->
