<?xml version="1.0" encoding="UTF-8"?>
<!-- Generated by org.testng.reporters.JUnitReportReporter -->
<testsuite hostname="Amits-MacBook-Air.local" failures="0" tests="1" name="com.inetBankingV1.TestCases.TC_LoginTest_001" time="2.581" errors="0" timestamp="8 Oct 2021 05:33:05 GMT">
  <testcase classname="com.inetBankingV1.TestCases.TC_LoginTest_001" name="loginTest" time="2.581"/>
</testsuite> <!-- com.inetBankingV1.TestCases.TC_LoginTest_001 -->
